Determining if the pthread_create exist failed with the following output:
Change Dir: /home/ivan/Documents/AV/SFND_Lidar_Obstacle_Detection/src/CMakeFiles/CMakeTmp

Run Build Command(s):/usr/bin/make cmTC_781f2/fast 
/usr/bin/make -f CMakeFiles/cmTC_781f2.dir/build.make CMakeFiles/cmTC_781f2.dir/build
make[1]: Entering directory '/home/ivan/Documents/AV/SFND_Lidar_Obstacle_Detection/src/CMakeFiles/CMakeTmp'
Building C object CMakeFiles/cmTC_781f2.dir/CheckSymbolExists.c.o
/usr/bin/cc    -o CMakeFiles/cmTC_781f2.dir/CheckSymbolExists.c.o   -c /home/ivan/Documents/AV/SFND_Lidar_Obstacle_Detection/src/CMakeFiles/CMakeTmp/CheckSymbolExists.c
Linking C executable cmTC_781f2
/home/ivan/anaconda3/lib/python3.7/site-packages/cmake/data/bin/cmake -E cmake_link_script CMakeFiles/cmTC_781f2.dir/link.txt --verbose=1
/usr/bin/cc      -rdynamic CMakeFiles/cmTC_781f2.dir/CheckSymbolExists.c.o  -o cmTC_781f2 
CMakeFiles/cmTC_781f2.dir/CheckSymbolExists.c.o: In function `main':
CheckSymbolExists.c:(.text+0x16): undefined reference to `pthread_create'
collect2: error: ld returned 1 exit status
CMakeFiles/cmTC_781f2.dir/build.make:86: recipe for target 'cmTC_781f2' failed
make[1]: *** [cmTC_781f2] Error 1
make[1]: Leaving directory '/home/ivan/Documents/AV/SFND_Lidar_Obstacle_Detection/src/CMakeFiles/CMakeTmp'
Makefile:121: recipe for target 'cmTC_781f2/fast' failed
make: *** [cmTC_781f2/fast] Error 2

File /home/ivan/Documents/AV/SFND_Lidar_Obstacle_Detection/src/CMakeFiles/CMakeTmp/CheckSymbolExists.c:
/* */
#include <pthread.h>

int main(int argc, char** argv)
{
  (void)argv;
#ifndef pthread_create
  return ((int*)(&pthread_create))[argc];
#else
  (void)argc;
  return 0;
#endif
}

Determining if the function pthread_create exists in the pthreads failed with the following output:
Change Dir: /home/ivan/Documents/AV/SFND_Lidar_Obstacle_Detection/src/CMakeFiles/CMakeTmp

Run Build Command(s):/usr/bin/make cmTC_87e4f/fast 
/usr/bin/make -f CMakeFiles/cmTC_87e4f.dir/build.make CMakeFiles/cmTC_87e4f.dir/build
make[1]: Entering directory '/home/ivan/Documents/AV/SFND_Lidar_Obstacle_Detection/src/CMakeFiles/CMakeTmp'
Building C object CMakeFiles/cmTC_87e4f.dir/CheckFunctionExists.c.o
/usr/bin/cc   -DCHECK_FUNCTION_EXISTS=pthread_create   -o CMakeFiles/cmTC_87e4f.dir/CheckFunctionExists.c.o   -c /home/ivan/anaconda3/lib/python3.7/site-packages/cmake/data/share/cmake-3.14/Modules/CheckFunctionExists.c
Linking C executable cmTC_87e4f
/home/ivan/anaconda3/lib/python3.7/site-packages/cmake/data/bin/cmake -E cmake_link_script CMakeFiles/cmTC_87e4f.dir/link.txt --verbose=1
/usr/bin/cc  -DCHECK_FUNCTION_EXISTS=pthread_create    -rdynamic CMakeFiles/cmTC_87e4f.dir/CheckFunctionExists.c.o  -o cmTC_87e4f -lpthreads 
/usr/bin/ld: cannot find -lpthreads
collect2: error: ld returned 1 exit status
CMakeFiles/cmTC_87e4f.dir/build.make:86: recipe for target 'cmTC_87e4f' failed
make[1]: *** [cmTC_87e4f] Error 1
make[1]: Leaving directory '/home/ivan/Documents/AV/SFND_Lidar_Obstacle_Detection/src/CMakeFiles/CMakeTmp'
Makefile:121: recipe for target 'cmTC_87e4f/fast' failed
make: *** [cmTC_87e4f/fast] Error 2


